{"name":"setTestName","status":"broken","statusDetails":{"known":false,"muted":false,"flaky":false,"message":"Failed to parse resource at: file:src/test/resources/features/Employee.feature","trace":"cucumber.runtime.CucumberException: Failed to parse resource at: file:src/test/resources/features/Employee.feature\n\tat cucumber.runtime.model.FeatureParser.parseResource(FeatureParser.java:40)\n\tat cucumber.runtime.model.FeatureBuilder.parse(FeatureBuilder.java:25)\n\tat cucumber.runtime.model.FeatureLoader.loadFromFeaturePath(FeatureLoader.java:36)\n\tat cucumber.runtime.model.FeatureLoader.load(FeatureLoader.java:23)\n\tat cucumber.runtime.FeaturePathFeatureSupplier.get(FeaturePathFeatureSupplier.java:33)\n\tat io.cucumber.testng.TestNGCucumberRunner.getFeatures(TestNGCucumberRunner.java:106)\n\tat io.cucumber.testng.TestNGCucumberRunner.provideScenarios(TestNGCucumberRunner.java:88)\n\tat com.APITestRunner.scenarios(APITestRunner.java:50)\n\tat sun.reflect.NativeMethodAccessorImpl.invoke0(Native Method)\n\tat sun.reflect.NativeMethodAccessorImpl.invoke(NativeMethodAccessorImpl.java:62)\n\tat sun.reflect.DelegatingMethodAccessorImpl.invoke(DelegatingMethodAccessorImpl.java:43)\n\tat java.lang.reflect.Method.invoke(Method.java:498)\n\tat org.testng.internal.MethodInvocationHelper.invokeMethod(MethodInvocationHelper.java:124)\n\tat org.testng.internal.MethodInvocationHelper.invokeMethod(MethodInvocationHelper.java:74)\n\tat org.testng.internal.MethodInvocationHelper.invokeMethodNoCheckedException(MethodInvocationHelper.java:45)\n\tat org.testng.internal.MethodInvocationHelper.invokeDataProvider(MethodInvocationHelper.java:131)\n\tat org.testng.internal.Parameters.handleParameters(Parameters.java:706)\n\tat org.testng.internal.ParameterHandler.handleParameters(ParameterHandler.java:49)\n\tat org.testng.internal.ParameterHandler.createParameters(ParameterHandler.java:37)\n\tat org.testng.internal.Invoker.invokeTestMethods(Invoker.java:924)\n\tat org.testng.internal.TestMethodWorker.invokeTestMethods(TestMethodWorker.java:125)\n\tat org.testng.internal.TestMethodWorker.run(TestMethodWorker.java:109)\n\tat org.testng.TestRunner.privateRun(TestRunner.java:648)\n\tat org.testng.TestRunner.run(TestRunner.java:505)\n\tat org.testng.SuiteRunner.runTest(SuiteRunner.java:455)\n\tat org.testng.SuiteRunner.runSequentially(SuiteRunner.java:450)\n\tat org.testng.SuiteRunner.privateRun(SuiteRunner.java:415)\n\tat org.testng.SuiteRunner.run(SuiteRunner.java:364)\n\tat org.testng.SuiteRunnerWorker.runSuite(SuiteRunnerWorker.java:52)\n\tat org.testng.SuiteRunnerWorker.run(SuiteRunnerWorker.java:84)\n\tat org.testng.TestNG.runSuitesSequentially(TestNG.java:1208)\n\tat org.testng.TestNG.runSuitesLocally(TestNG.java:1137)\n\tat org.testng.TestNG.runSuites(TestNG.java:1049)\n\tat org.testng.TestNG.run(TestNG.java:1017)\n\tat org.testng.IDEARemoteTestNG.run(IDEARemoteTestNG.java:72)\n\tat org.testng.RemoteTestNGStarter.main(RemoteTestNGStarter.java:123)\nCaused by: gherkin.ParserException$CompositeParserException: Parser errors:\n(15:3): expected: #TagLine, #ScenarioLine, #ScenarioOutlineLine, #Comment, #Empty, got 'Scenario : Create employee'\n(16:5): expected: #TagLine, #ScenarioLine, #ScenarioOutlineLine, #Comment, #Empty, got 'When User provides employee data \"Robert\" \"Driver\"'\n(17:5): expected: #TagLine, #ScenarioLine, #ScenarioOutlineLine, #Comment, #Empty, got 'Then It should be sucessfully created'\n(19:0): unexpected end of file, expected: #TagLine, #ScenarioLine, #ScenarioOutlineLine, #Comment, #Empty\n\tat gherkin.Parser.parse(Parser.java:143)\n\tat gherkin.Parser.parse(Parser.java:118)\n\tat gherkin.Parser.parse(Parser.java:114)\n\tat cucumber.runtime.model.FeatureParser.parseResource(FeatureParser.java:36)\n\t... 35 more\n"},"stage":"finished","steps":[],"attachments":[],"parameters":[],"start":1579351403531,"stop":1579351403532,"uuid":"33dc44ef-fb41-4e3d-9450-3c73efbb20f6","historyId":"7a79120b73617137638138b121f8a451","fullName":"com.APITestRunner.setTestName","labels":[{"name":"package","value":"com.APITestRunner"},{"name":"testClass","value":"com.APITestRunner"},{"name":"testMethod","value":"setTestName"},{"name":"parentSuite","value":"Default Suite"},{"name":"suite","value":"Frameworkium-BDD"},{"name":"subSuite","value":"com.APITestRunner"},{"name":"host","value":"MacBook-Pro-Marek.local"},{"name":"thread","value":"8381@MacBook-Pro-Marek.local.TestNG-PoolService-0(15)"},{"name":"framework","value":"testng"},{"name":"language","value":"java"}],"links":[]}